app/build/intermediates/manifest_merge_blame_file/debug/manifest-merger-blame-debug-report.txt
1<?xml version="1.0" encoding="utf-8"?>
2<manifest xmlns:android="http://schemas.android.com/apk/res/android"
3    package="com.app.live_tv"
4    android:versionCode="1"
5    android:versionName="1.0.0" >
6
7    <uses-sdk
8        android:minSdkVersion="23"
8-->src\main\AndroidManifest.xml
9        android:targetSdkVersion="33" />
9-->src\main\AndroidManifest.xml
10
11    <uses-permission android:name="android.permission.READ_PRIVILEGED_PHONE_STATE" />
11-->src\main\AndroidManifest.xml:5:5-7:47
11-->src\main\AndroidManifest.xml:6:9-70
12    <uses-permission android:name="android.permission.INTERNET" />
12-->src\main\AndroidManifest.xml:8:5-67
12-->src\main\AndroidManifest.xml:8:22-64
13    <uses-permission android:name="android.permission.FOREGROUND_SERVICE" />
13-->src\main\AndroidManifest.xml:9:5-77
13-->src\main\AndroidManifest.xml:9:22-74
14    <uses-permission android:name="android.permission.READ_PHONE_STATE" />
14-->src\main\AndroidManifest.xml:10:5-75
14-->src\main\AndroidManifest.xml:10:22-72
15    <uses-permission android:name="android.permission.ACCESS_NETWORK_STATE" />
15-->src\main\AndroidManifest.xml:11:5-79
15-->src\main\AndroidManifest.xml:11:22-76
16    <uses-permission android:name="android.permission.READ_EXTERNAL_STORAGE" />
16-->src\main\AndroidManifest.xml:12:5-80
16-->src\main\AndroidManifest.xml:12:22-77
17    <uses-permission android:name="android.permission.READ_INTERNAL_STORAGE" />
17-->src\main\AndroidManifest.xml:13:5-80
17-->src\main\AndroidManifest.xml:13:22-77
18    <uses-permission android:name="android.permission.WAKE_LOCK" />
18-->src\main\AndroidManifest.xml:14:5-68
18-->src\main\AndroidManifest.xml:14:22-65
19    <uses-permission android:name="android.permission.WRITE_EXTERNAL_STORAGE" />
19-->src\main\AndroidManifest.xml:15:5-17:40
19-->src\main\AndroidManifest.xml:16:9-65
20    <uses-permission android:name="android.permission.WRITE_INTERNAL_STORAGE" />
20-->src\main\AndroidManifest.xml:18:5-81
20-->src\main\AndroidManifest.xml:18:22-78
21    <uses-permission android:name="android.permission.READ_MEDIA_VIDEO" />
21-->src\main\AndroidManifest.xml:19:5-74
21-->src\main\AndroidManifest.xml:19:22-72
22    <uses-permission android:name="android.permission.RECEIVE_BOOT_COMPLETED" />
22-->src\main\AndroidManifest.xml:20:5-81
22-->src\main\AndroidManifest.xml:20:22-78
23    <uses-permission android:name="android.permission.BLUETOOTH" />
23-->src\main\AndroidManifest.xml:21:5-68
23-->src\main\AndroidManifest.xml:21:22-65
24    <uses-permission android:name="android.permission.ACCESS_WIFI_STATE" />
24-->src\main\AndroidManifest.xml:22:5-76
24-->src\main\AndroidManifest.xml:22:22-73
25    <uses-permission android:name="android.permission.REQUEST_INSTALL_PACKAGES" />
25-->src\main\AndroidManifest.xml:23:5-83
25-->src\main\AndroidManifest.xml:23:22-80
26    <uses-permission android:name="android.permission.VIBRATE" />
26-->src\main\AndroidManifest.xml:24:5-66
26-->src\main\AndroidManifest.xml:24:22-63
27
28    <queries>
28-->src\main\AndroidManifest.xml:26:5-30:15
29        <intent>
29-->src\main\AndroidManifest.xml:27:9-29:18
30            <action android:name="com.google.android.youtube.api.service.START" />
30-->src\main\AndroidManifest.xml:28:13-83
30-->src\main\AndroidManifest.xml:28:21-80
31        </intent>
32        <!-- Specific apps you interact with, eg: -->
33        <package android:name="com.paytm.pgsdk.TransactionManager.PAYTM_APP_PACKAGE" />
33-->[com.paytm.appinvokesdk:appinvokesdk:1.6.11] AndroidManifest.xml:12:9-88
33-->[com.paytm.appinvokesdk:appinvokesdk:1.6.11] AndroidManifest.xml:12:18-85
34        <!--
35             Specific intents you query for,
36             eg: for a custom share UI
37        -->
38        <intent>
38-->[com.paytm.appinvokesdk:appinvokesdk:1.6.11] AndroidManifest.xml:17:9-19:18
39            <action android:name="android.intent.action.MAIN" />
39-->src\main\AndroidManifest.xml:95:17-69
39-->src\main\AndroidManifest.xml:95:25-66
40        </intent>
41
42        <package android:name="com.google.android.gms.policy_cast_dynamite" /> <!-- For browser content -->
42-->[com.google.android.gms:play-services-cast-framework:21.2.0] AndroidManifest.xml:13:9-79
42-->[com.google.android.gms:play-services-cast-framework:21.2.0] AndroidManifest.xml:13:18-76
43        <intent>
43-->[com.google.android.gms:play-services-ads-lite:21.5.0] AndroidManifest.xml:35:9-41:18
44            <action android:name="android.intent.action.VIEW" />
44-->[com.paypal.checkout:android-sdk:0.6.3] AndroidManifest.xml:35:17-69
44-->[com.paypal.checkout:android-sdk:0.6.3] AndroidManifest.xml:35:25-66
45
46            <category android:name="android.intent.category.BROWSABLE" />
46-->[com.paypal.checkout:android-sdk:0.6.3] AndroidManifest.xml:38:17-78
46-->[com.paypal.checkout:android-sdk:0.6.3] AndroidManifest.xml:38:27-75
47
48            <data android:scheme="https" />
48-->src\main\AndroidManifest.xml:151:17-153:47
48-->src\main\AndroidManifest.xml:153:21-44
49        </intent> <!-- End of browser content -->
50        <!-- For CustomTabsService -->
51        <intent>
51-->[com.google.android.gms:play-services-ads-lite:21.5.0] AndroidManifest.xml:44:9-46:18
52            <action android:name="android.support.customtabs.action.CustomTabsService" />
52-->[com.google.android.gms:play-services-ads-lite:21.5.0] AndroidManifest.xml:45:13-90
52-->[com.google.android.gms:play-services-ads-lite:21.5.0] AndroidManifest.xml:45:21-87
53        </intent>
54
55        <package android:name="com.facebook.katana" />
55-->[com.facebook.android:audience-network-sdk:6.12.0] AndroidManifest.xml:12:9-55
55-->[com.facebook.android:audience-network-sdk:6.12.0] AndroidManifest.xml:12:18-52
56    </queries>
57
58    <uses-permission android:name="com.google.android.gms.permission.AD_ID" /> <!-- Create a unique permission for your app and use it so only your app can receive your OneSignal messages. -->
58-->[unity-ads.aar] AndroidManifest.xml:11:5-79
58-->[unity-ads.aar] AndroidManifest.xml:11:22-76
59    <permission
59-->[com.onesignal:OneSignal:4.8.2] AndroidManifest.xml:7:5-9:47
60        android:name="com.app.live_tv.permission.C2D_MESSAGE"
60-->[com.onesignal:OneSignal:4.8.2] AndroidManifest.xml:8:9-63
61        android:protectionLevel="signature" />
61-->[com.onesignal:OneSignal:4.8.2] AndroidManifest.xml:9:9-44
62
63    <uses-permission android:name="com.app.live_tv.permission.C2D_MESSAGE" /> <!-- OneSignal SDK has runtime checks Android version. -->
63-->[com.onesignal:OneSignal:4.8.2] AndroidManifest.xml:11:5-79
63-->[com.onesignal:OneSignal:4.8.2] AndroidManifest.xml:11:22-76
64    <!-- <uses-sdk tools:overrideLibrary="android.support.customtabs"/> -->
65    <!-- Required runtime permission to display notifications on Android 13 -->
66    <uses-permission android:name="android.permission.POST_NOTIFICATIONS" /> <!-- c2dm RECEIVE are basic requirements for push messages through Google's FCM -->
66-->[com.onesignal:OneSignal:4.8.2] AndroidManifest.xml:16:5-77
66-->[com.onesignal:OneSignal:4.8.2] AndroidManifest.xml:16:22-74
67    <uses-permission android:name="com.google.android.c2dm.permission.RECEIVE" /> <!-- START: ShortcutBadger -->
67-->[com.onesignal:OneSignal:4.8.2] AndroidManifest.xml:18:5-82
67-->[com.onesignal:OneSignal:4.8.2] AndroidManifest.xml:18:22-79
68    <!-- Samsung -->
69    <uses-permission android:name="com.sec.android.provider.badge.permission.READ" />
69-->[com.onesignal:OneSignal:4.8.2] AndroidManifest.xml:32:5-86
69-->[com.onesignal:OneSignal:4.8.2] AndroidManifest.xml:32:22-83
70    <uses-permission android:name="com.sec.android.provider.badge.permission.WRITE" /> <!-- HTC -->
70-->[com.onesignal:OneSignal:4.8.2] AndroidManifest.xml:33:5-87
70-->[com.onesignal:OneSignal:4.8.2] AndroidManifest.xml:33:22-84
71    <uses-permission android:name="com.htc.launcher.permission.READ_SETTINGS" />
71-->[com.onesignal:OneSignal:4.8.2] AndroidManifest.xml:34:5-81
71-->[com.onesignal:OneSignal:4.8.2] AndroidManifest.xml:34:22-78
72    <uses-permission android:name="com.htc.launcher.permission.UPDATE_SHORTCUT" /> <!-- Sony -->
72-->[com.onesignal:OneSignal:4.8.2] AndroidManifest.xml:35:5-83
72-->[com.onesignal:OneSignal:4.8.2] AndroidManifest.xml:35:22-80
73    <uses-permission android:name="com.sonyericsson.home.permission.BROADCAST_BADGE" />
73-->[com.onesignal:OneSignal:4.8.2] AndroidManifest.xml:36:5-88
73-->[com.onesignal:OneSignal:4.8.2] AndroidManifest.xml:36:22-85
74    <uses-permission android:name="com.sonymobile.home.permission.PROVIDER_INSERT_BADGE" /> <!-- Apex -->
74-->[com.onesignal:OneSignal:4.8.2] AndroidManifest.xml:37:5-92
74-->[com.onesignal:OneSignal:4.8.2] AndroidManifest.xml:37:22-89
75    <uses-permission android:name="com.anddoes.launcher.permission.UPDATE_COUNT" /> <!-- Solid -->
75-->[com.onesignal:OneSignal:4.8.2] AndroidManifest.xml:38:5-84
75-->[com.onesignal:OneSignal:4.8.2] AndroidManifest.xml:38:22-81
76    <uses-permission android:name="com.majeur.launcher.permission.UPDATE_BADGE" /> <!-- Huawei -->
76-->[com.onesignal:OneSignal:4.8.2] AndroidManifest.xml:39:5-83
76-->[com.onesignal:OneSignal:4.8.2] AndroidManifest.xml:39:22-80
77    <uses-permission android:name="com.huawei.android.launcher.permission.CHANGE_BADGE" />
77-->[com.onesignal:OneSignal:4.8.2] AndroidManifest.xml:40:5-91
77-->[com.onesignal:OneSignal:4.8.2] AndroidManifest.xml:40:22-88
78    <uses-permission android:name="com.huawei.android.launcher.permission.READ_SETTINGS" />
78-->[com.onesignal:OneSignal:4.8.2] AndroidManifest.xml:41:5-92
78-->[com.onesignal:OneSignal:4.8.2] AndroidManifest.xml:41:22-89
79    <uses-permission android:name="com.huawei.android.launcher.permission.WRITE_SETTINGS" /> <!-- ZUK -->
79-->[com.onesignal:OneSignal:4.8.2] AndroidManifest.xml:42:5-93
79-->[com.onesignal:OneSignal:4.8.2] AndroidManifest.xml:42:22-90
80    <uses-permission android:name="android.permission.READ_APP_BADGE" /> <!-- OPPO -->
80-->[com.onesignal:OneSignal:4.8.2] AndroidManifest.xml:43:5-73
80-->[com.onesignal:OneSignal:4.8.2] AndroidManifest.xml:43:22-70
81    <uses-permission android:name="com.oppo.launcher.permission.READ_SETTINGS" />
81-->[com.onesignal:OneSignal:4.8.2] AndroidManifest.xml:44:5-82
81-->[com.onesignal:OneSignal:4.8.2] AndroidManifest.xml:44:22-79
82    <uses-permission android:name="com.oppo.launcher.permission.WRITE_SETTINGS" /> <!-- EvMe -->
82-->[com.onesignal:OneSignal:4.8.2] AndroidManifest.xml:45:5-83
82-->[com.onesignal:OneSignal:4.8.2] AndroidManifest.xml:45:22-80
83    <uses-permission android:name="me.everything.badger.permission.BADGE_COUNT_READ" />
83-->[com.onesignal:OneSignal:4.8.2] AndroidManifest.xml:46:5-88
83-->[com.onesignal:OneSignal:4.8.2] AndroidManifest.xml:46:22-85
84    <uses-permission android:name="me.everything.badger.permission.BADGE_COUNT_WRITE" />
84-->[com.onesignal:OneSignal:4.8.2] AndroidManifest.xml:47:5-89
84-->[com.onesignal:OneSignal:4.8.2] AndroidManifest.xml:47:22-86
85    <uses-permission android:name="com.google.android.finsky.permission.BIND_GET_INSTALL_REFERRER_SERVICE" />
85-->[com.startapp:inapp-sdk:4.10.5] AndroidManifest.xml:13:5-110
85-->[com.startapp:inapp-sdk:4.10.5] AndroidManifest.xml:13:22-107
86
87    <uses-feature
87-->[com.google.android.gms:play-services-maps:17.0.0] AndroidManifest.xml:26:5-28:35
88        android:glEsVersion="0x00020000"
88-->[com.google.android.gms:play-services-maps:17.0.0] AndroidManifest.xml:27:9-41
89        android:required="true" />
89-->[com.google.android.gms:play-services-maps:17.0.0] AndroidManifest.xml:28:9-32
90
91    <application
91-->src\main\AndroidManifest.xml:32:5-156:19
92        android:allowBackup="true"
92-->src\main\AndroidManifest.xml:33:9-35
93        android:appComponentFactory="androidx.core.app.CoreComponentFactory"
93-->[androidx.core:core:1.8.0] AndroidManifest.xml:24:18-86
94        android:debuggable="true"
95        android:extractNativeLibs="true"
95-->src\main\AndroidManifest.xml:34:9-41
96        android:hardwareAccelerated="true"
96-->src\main\AndroidManifest.xml:35:9-43
97        android:icon="@mipmap/ic_launcher"
97-->src\main\AndroidManifest.xml:36:9-43
98        android:label="@string/app_name"
98-->src\main\AndroidManifest.xml:37:9-41
99        android:requestLegacyExternalStorage="true"
99-->src\main\AndroidManifest.xml:38:9-52
100        android:roundIcon="@mipmap/ic_launcher_round"
100-->src\main\AndroidManifest.xml:39:9-54
101        android:supportsRtl="true"
101-->src\main\AndroidManifest.xml:40:9-35
102        android:testOnly="true"
103        android:theme="@style/Theme.Flex"
103-->src\main\AndroidManifest.xml:41:9-42
104        android:usesCleartextTraffic="true" >
104-->src\main\AndroidManifest.xml:42:9-44
105        <activity
105-->src\main\AndroidManifest.xml:43:9-49:20
106            android:name="com.dooo.android.PaytmPaymentGatway"
106-->src\main\AndroidManifest.xml:44:13-47
107            android:exported="false" >
107-->src\main\AndroidManifest.xml:45:13-37
108            <meta-data
108-->src\main\AndroidManifest.xml:46:13-48:36
109                android:name="android.app.lib_name"
109-->src\main\AndroidManifest.xml:47:17-52
110                android:value="" />
110-->src\main\AndroidManifest.xml:48:17-33
111        </activity>
112        <activity
112-->src\main\AndroidManifest.xml:50:9-52:40
113            android:name="com.dooo.android.UPI"
113-->src\main\AndroidManifest.xml:51:13-32
114            android:exported="false" />
114-->src\main\AndroidManifest.xml:52:13-37
115        <activity
115-->src\main\AndroidManifest.xml:53:9-55:40
116            android:name="com.dooo.android.PaypalPaymentGatway"
116-->src\main\AndroidManifest.xml:54:13-48
117            android:exported="false" />
117-->src\main\AndroidManifest.xml:55:13-37
118        <activity
118-->src\main\AndroidManifest.xml:56:9-58:40
119            android:name="com.dooo.android.Razorpay_Payment_gatway"
119-->src\main\AndroidManifest.xml:57:13-52
120            android:exported="false" />
120-->src\main\AndroidManifest.xml:58:13-37
121        <activity
121-->src\main\AndroidManifest.xml:59:9-61:39
122            android:name="com.dooo.android.LiveTVSearch"
122-->src\main\AndroidManifest.xml:60:13-41
123            android:exported="true" />
123-->src\main\AndroidManifest.xml:61:13-36
124        <activity android:name="com.dooo.android.GenreDetails" />
124-->src\main\AndroidManifest.xml:62:9-50
124-->src\main\AndroidManifest.xml:62:19-47
125        <activity android:name="com.dooo.android.AllGenre" />
125-->src\main\AndroidManifest.xml:63:9-46
125-->src\main\AndroidManifest.xml:63:19-43
126        <activity android:name="com.dooo.android.Downloads" />
126-->src\main\AndroidManifest.xml:64:9-47
126-->src\main\AndroidManifest.xml:64:19-44
127        <activity android:name="com.dooo.android.PrivecyPolicy" />
127-->src\main\AndroidManifest.xml:65:9-51
127-->src\main\AndroidManifest.xml:65:19-48
128        <activity android:name="com.dooo.android.TermsAndConditions" />
128-->src\main\AndroidManifest.xml:66:9-56
128-->src\main\AndroidManifest.xml:66:19-53
129        <activity
129-->src\main\AndroidManifest.xml:67:9-69:77
130            android:name="com.dooo.android.YoutubeLivePlayer"
130-->src\main\AndroidManifest.xml:68:13-46
131            android:configChanges="keyboardHidden|orientation|screenSize" />
131-->src\main\AndroidManifest.xml:69:13-74
132        <activity android:name="com.dooo.android.InAppUpdate" />
132-->src\main\AndroidManifest.xml:70:9-49
132-->src\main\AndroidManifest.xml:70:19-46
133        <activity android:name="com.dooo.android.LiveTv" />
133-->src\main\AndroidManifest.xml:71:9-44
133-->src\main\AndroidManifest.xml:71:19-41
134        <activity
134-->src\main\AndroidManifest.xml:72:9-74:77
135            android:name="com.dooo.android.EmbedPlayer"
135-->src\main\AndroidManifest.xml:73:13-40
136            android:configChanges="keyboardHidden|orientation|screenSize" />
136-->src\main\AndroidManifest.xml:74:13-74
137        <activity
137-->src\main\AndroidManifest.xml:75:9-77:77
138            android:name="com.dooo.android.Player"
138-->src\main\AndroidManifest.xml:76:13-35
139            android:configChanges="keyboardHidden|orientation|screenSize" />
139-->src\main\AndroidManifest.xml:77:13-74
140        <activity android:name="com.dooo.android.SubscriptionDetails" />
140-->src\main\AndroidManifest.xml:78:9-57
140-->src\main\AndroidManifest.xml:78:19-54
141        <activity android:name="com.dooo.android.SubscriptionList" />
141-->src\main\AndroidManifest.xml:79:9-54
141-->src\main\AndroidManifest.xml:79:19-51
142        <activity android:name="com.dooo.android.Subscription" />
142-->src\main\AndroidManifest.xml:80:9-50
142-->src\main\AndroidManifest.xml:80:19-47
143        <activity android:name="com.dooo.android.Favorites" />
143-->src\main\AndroidManifest.xml:81:9-47
143-->src\main\AndroidManifest.xml:81:19-44
144        <activity android:name="com.dooo.android.WebSeriesDetails" />
144-->src\main\AndroidManifest.xml:82:9-54
144-->src\main\AndroidManifest.xml:82:19-51
145        <activity android:name="com.dooo.android.Maintenance" />
145-->src\main\AndroidManifest.xml:83:9-49
145-->src\main\AndroidManifest.xml:83:19-46
146        <activity android:name="com.dooo.android.WebView" />
146-->src\main\AndroidManifest.xml:84:9-45
146-->src\main\AndroidManifest.xml:84:19-42
147        <activity
147-->src\main\AndroidManifest.xml:85:9-87:77
148            android:name="com.dooo.android.TrailerPlayer"
148-->src\main\AndroidManifest.xml:86:13-42
149            android:configChanges="keyboardHidden|orientation|screenSize" />
149-->src\main\AndroidManifest.xml:87:13-74
150        <activity android:name="com.dooo.android.MovieDetails" />
150-->src\main\AndroidManifest.xml:88:9-50
150-->src\main\AndroidManifest.xml:88:19-47
151        <activity android:name="com.dooo.android.LoginSignup" />
151-->src\main\AndroidManifest.xml:89:9-49
151-->src\main\AndroidManifest.xml:89:19-46
152        <activity android:name="com.dooo.android.Home" />
152-->src\main\AndroidManifest.xml:90:9-42
152-->src\main\AndroidManifest.xml:90:19-39
153        <activity
153-->src\main\AndroidManifest.xml:91:9-99:20
154            android:name="com.dooo.android.Splash"
154-->src\main\AndroidManifest.xml:92:13-35
155            android:exported="true" >
155-->src\main\AndroidManifest.xml:93:13-36
156            <intent-filter>
156-->src\main\AndroidManifest.xml:94:13-98:29
157                <action android:name="android.intent.action.MAIN" />
157-->src\main\AndroidManifest.xml:95:17-69
157-->src\main\AndroidManifest.xml:95:25-66
158
159                <category android:name="android.intent.category.LAUNCHER" />
159-->src\main\AndroidManifest.xml:97:17-77
159-->src\main\AndroidManifest.xml:97:27-74
160            </intent-filter>
161        </activity>
162
163        <meta-data
163-->src\main\AndroidManifest.xml:101:9-103:60
164            android:name="com.google.android.gms.ads.APPLICATION_ID"
164-->src\main\AndroidManifest.xml:102:13-69
165            android:value="@string/admob_application_id" />
165-->src\main\AndroidManifest.xml:103:13-57
166        <meta-data
166-->src\main\AndroidManifest.xml:104:9-106:55
167            android:name="com.startapp.sdk.APPLICATION_ID"
167-->src\main\AndroidManifest.xml:105:13-59
168            android:value="@string/startapp_app_id" />
168-->src\main\AndroidManifest.xml:106:13-52
169        <meta-data
169-->src\main\AndroidManifest.xml:107:9-109:55
170            android:name="com.facebook.sdk.ApplicationId"
170-->src\main\AndroidManifest.xml:108:13-58
171            android:value="@string/facebook_app_id" />
171-->src\main\AndroidManifest.xml:109:13-52
172        <meta-data
172-->src\main\AndroidManifest.xml:110:9-112:56
173            android:name="applovin.sdk.key"
173-->src\main\AndroidManifest.xml:111:13-44
174            android:value="@string/applovin_sdk_key" />
174-->src\main\AndroidManifest.xml:112:13-53
175
176        <provider
177            android:name="androidx.core.content.FileProvider"
177-->src\main\AndroidManifest.xml:115:13-62
178            android:authorities="com.app.live_tv.provider"
178-->src\main\AndroidManifest.xml:116:13-60
179            android:exported="false"
179-->src\main\AndroidManifest.xml:117:13-37
180            android:grantUriPermissions="true" >
180-->src\main\AndroidManifest.xml:118:13-47
181            <meta-data
181-->src\main\AndroidManifest.xml:119:13-121:58
182                android:name="android.support.FILE_PROVIDER_PATHS"
182-->src\main\AndroidManifest.xml:120:17-67
183                android:resource="@xml/provider_paths" />
183-->src\main\AndroidManifest.xml:121:17-55
184        </provider>
185
186        <activity
186-->src\main\AndroidManifest.xml:124:9-128:80
187            android:name="com.adcolony.sdk.AdColonyInterstitialActivity"
187-->src\main\AndroidManifest.xml:125:13-73
188            android:configChanges="keyboardHidden|orientation|screenSize"
188-->src\main\AndroidManifest.xml:126:13-74
189            android:hardwareAccelerated="true"
189-->src\main\AndroidManifest.xml:127:13-47
190            android:theme="@android:style/Theme.Black.NoTitleBar.Fullscreen" />
190-->src\main\AndroidManifest.xml:128:13-77
191        <activity
191-->src\main\AndroidManifest.xml:129:9-133:80
192            android:name="com.adcolony.sdk.AdColonyAdViewActivity"
192-->src\main\AndroidManifest.xml:130:13-67
193            android:configChanges="keyboardHidden|orientation|screenSize"
193-->src\main\AndroidManifest.xml:131:13-74
194            android:hardwareAccelerated="true"
194-->src\main\AndroidManifest.xml:132:13-47
195            android:theme="@android:style/Theme.Black.NoTitleBar.Fullscreen" />
195-->src\main\AndroidManifest.xml:133:13-77
196
197        <receiver
197-->src\main\AndroidManifest.xml:135:9-141:20
198            android:name="com.razorpay.RzpTokenReceiver"
198-->src\main\AndroidManifest.xml:136:13-57
199            android:exported="false" >
199-->src\main\AndroidManifest.xml:137:13-37
200            <intent-filter>
200-->src\main\AndroidManifest.xml:138:13-140:29
201                <action android:name="rzp.device_token.share" />
201-->src\main\AndroidManifest.xml:139:17-65
201-->src\main\AndroidManifest.xml:139:25-62
202            </intent-filter>
203        </receiver>
204
205        <activity
205-->src\main\AndroidManifest.xml:143:9-155:20
206            android:name="com.razorpay.CheckoutActivity"
206-->src\main\AndroidManifest.xml:144:13-57
207            android:configChanges="keyboard|keyboardHidden|orientation|screenSize"
207-->src\main\AndroidManifest.xml:145:13-83
208            android:exported="true"
208-->src\main\AndroidManifest.xml:146:13-36
209            android:theme="@style/CheckoutTheme" >
209-->src\main\AndroidManifest.xml:147:13-49
210            <intent-filter>
210-->src\main\AndroidManifest.xml:148:13-154:29
211                <action android:name="android.intent.action.MAIN" />
211-->src\main\AndroidManifest.xml:95:17-69
211-->src\main\AndroidManifest.xml:95:25-66
212
213                <data
213-->src\main\AndroidManifest.xml:151:17-153:47
214                    android:host="rzp.io"
214-->src\main\AndroidManifest.xml:152:21-42
215                    android:scheme="io.rzp" />
215-->src\main\AndroidManifest.xml:153:21-44
216            </intent-filter>
217        </activity>
218        <activity
218-->[mediationsdk-7.2.3.aar] AndroidManifest.xml:15:9-18:50
219            android:name="com.ironsource.sdk.controller.ControllerActivity"
219-->[mediationsdk-7.2.3.aar] AndroidManifest.xml:16:13-76
220            android:configChanges="orientation|screenSize"
220-->[mediationsdk-7.2.3.aar] AndroidManifest.xml:17:13-59
221            android:hardwareAccelerated="true" />
221-->[mediationsdk-7.2.3.aar] AndroidManifest.xml:18:13-47
222        <activity
222-->[mediationsdk-7.2.3.aar] AndroidManifest.xml:19:9-23:64
223            android:name="com.ironsource.sdk.controller.InterstitialActivity"
223-->[mediationsdk-7.2.3.aar] AndroidManifest.xml:20:13-78
224            android:configChanges="orientation|screenSize"
224-->[mediationsdk-7.2.3.aar] AndroidManifest.xml:21:13-59
225            android:hardwareAccelerated="true"
225-->[mediationsdk-7.2.3.aar] AndroidManifest.xml:22:13-47
226            android:theme="@android:style/Theme.Translucent" />
226-->[mediationsdk-7.2.3.aar] AndroidManifest.xml:23:13-61
227        <activity
227-->[mediationsdk-7.2.3.aar] AndroidManifest.xml:24:9-28:64
228            android:name="com.ironsource.sdk.controller.OpenUrlActivity"
228-->[mediationsdk-7.2.3.aar] AndroidManifest.xml:25:13-73
229            android:configChanges="orientation|screenSize"
229-->[mediationsdk-7.2.3.aar] AndroidManifest.xml:26:13-59
230            android:hardwareAccelerated="true"
230-->[mediationsdk-7.2.3.aar] AndroidManifest.xml:27:13-47
231            android:theme="@android:style/Theme.Translucent" />
231-->[mediationsdk-7.2.3.aar] AndroidManifest.xml:28:13-61
232
233        <provider
233-->[mediationsdk-7.2.3.aar] AndroidManifest.xml:30:9-32:82
234            android:name="com.ironsource.lifecycle.IronsourceLifecycleProvider"
234-->[mediationsdk-7.2.3.aar] AndroidManifest.xml:31:13-80
235            android:authorities="com.app.live_tv.IronsourceLifecycleProvider" />
235-->[mediationsdk-7.2.3.aar] AndroidManifest.xml:32:13-79
236
237        <activity
237-->[unity-ads.aar] AndroidManifest.xml:14:9-18:74
238            android:name="com.unity3d.services.ads.adunit.AdUnitActivity"
238-->[unity-ads.aar] AndroidManifest.xml:15:13-74
239            android:configChanges="fontScale|keyboard|keyboardHidden|locale|mnc|mcc|navigation|orientation|screenLayout|screenSize|smallestScreenSize|uiMode|touchscreen"
239-->[unity-ads.aar] AndroidManifest.xml:16:13-170
240            android:hardwareAccelerated="true"
240-->[unity-ads.aar] AndroidManifest.xml:17:13-47
241            android:theme="@android:style/Theme.NoTitleBar.Fullscreen" />
241-->[unity-ads.aar] AndroidManifest.xml:18:13-71
242        <activity
242-->[unity-ads.aar] AndroidManifest.xml:19:9-23:86
243            android:name="com.unity3d.services.ads.adunit.AdUnitTransparentActivity"
243-->[unity-ads.aar] AndroidManifest.xml:20:13-85
244            android:configChanges="fontScale|keyboard|keyboardHidden|locale|mnc|mcc|navigation|orientation|screenLayout|screenSize|smallestScreenSize|uiMode|touchscreen"
244-->[unity-ads.aar] AndroidManifest.xml:21:13-170
245            android:hardwareAccelerated="true"
245-->[unity-ads.aar] AndroidManifest.xml:22:13-47
246            android:theme="@android:style/Theme.Translucent.NoTitleBar.Fullscreen" />
246-->[unity-ads.aar] AndroidManifest.xml:23:13-83
247        <activity
247-->[unity-ads.aar] AndroidManifest.xml:24:9-28:86
248            android:name="com.unity3d.services.ads.adunit.AdUnitTransparentSoftwareActivity"
248-->[unity-ads.aar] AndroidManifest.xml:25:13-93
249            android:configChanges="fontScale|keyboard|keyboardHidden|locale|mnc|mcc|navigation|orientation|screenLayout|screenSize|smallestScreenSize|uiMode|touchscreen"
249-->[unity-ads.aar] AndroidManifest.xml:26:13-170
250            android:hardwareAccelerated="false"
250-->[unity-ads.aar] AndroidManifest.xml:27:13-48
251            android:theme="@android:style/Theme.Translucent.NoTitleBar.Fullscreen" />
251-->[unity-ads.aar] AndroidManifest.xml:28:13-83
252        <activity
252-->[unity-ads.aar] AndroidManifest.xml:29:9-33:74
253            android:name="com.unity3d.services.ads.adunit.AdUnitSoftwareActivity"
253-->[unity-ads.aar] AndroidManifest.xml:30:13-82
254            android:configChanges="fontScale|keyboard|keyboardHidden|locale|mnc|mcc|navigation|orientation|screenLayout|screenSize|smallestScreenSize|uiMode|touchscreen"
254-->[unity-ads.aar] AndroidManifest.xml:31:13-170
255            android:hardwareAccelerated="false"
255-->[unity-ads.aar] AndroidManifest.xml:32:13-48
256            android:theme="@android:style/Theme.NoTitleBar.Fullscreen" />
256-->[unity-ads.aar] AndroidManifest.xml:33:13-71
257        <activity
257-->[com.paypal.checkout:android-sdk:0.6.3] AndroidManifest.xml:17:9-23:51
258            android:name="com.paypal.pyplcheckout.home.view.activities.PYPLHomeActivity"
258-->[com.paypal.checkout:android-sdk:0.6.3] AndroidManifest.xml:18:13-89
259            android:exported="false"
259-->[com.paypal.checkout:android-sdk:0.6.3] AndroidManifest.xml:19:13-37
260            android:launchMode="singleTop"
260-->[com.paypal.checkout:android-sdk:0.6.3] AndroidManifest.xml:20:13-43
261            android:screenOrientation="portrait"
261-->[com.paypal.checkout:android-sdk:0.6.3] AndroidManifest.xml:21:13-49
262            android:taskAffinity="com.pyplcheckout.task"
262-->[com.paypal.checkout:android-sdk:0.6.3] AndroidManifest.xml:22:13-57
263            android:theme="@style/PYPLAppTheme" />
263-->[com.paypal.checkout:android-sdk:0.6.3] AndroidManifest.xml:23:13-48
264        <activity
264-->[com.paypal.checkout:android-sdk:0.6.3] AndroidManifest.xml:24:9-40:20
265            android:name="com.paypal.pyplcheckout.home.view.activities.PYPLInitiateCheckoutActivity"
265-->[com.paypal.checkout:android-sdk:0.6.3] AndroidManifest.xml:25:13-101
266            android:exported="true"
266-->[com.paypal.checkout:android-sdk:0.6.3] AndroidManifest.xml:26:13-36
267            android:launchMode="singleTask"
267-->[com.paypal.checkout:android-sdk:0.6.3] AndroidManifest.xml:27:13-44
268            android:screenOrientation="portrait"
268-->[com.paypal.checkout:android-sdk:0.6.3] AndroidManifest.xml:28:13-49
269            android:theme="@style/AppFullScreenTheme" >
269-->[com.paypal.checkout:android-sdk:0.6.3] AndroidManifest.xml:29:13-54
270            <intent-filter android:autoVerify="true" >
270-->[com.paypal.checkout:android-sdk:0.6.3] AndroidManifest.xml:30:13-39:29
270-->[com.paypal.checkout:android-sdk:0.6.3] AndroidManifest.xml:30:28-53
271                <data